  project.cpp
C:\Users\Андрей\Desktop\oop new\15-16 part 2\project\project.cpp(44,14): warning C4244: =: преобразование "double" в "T", возможна потеря данных
          with
          [
              T=int
          ]
C:\Users\Андрей\Desktop\oop new\15-16 part 2\project\project.cpp(73): message : выполняется компиляция ссылки на экземпляр шаблон функции "void doubleFirst<int>(T *,const int)"
          with
          [
              T=int
          ]
C:\Users\Андрей\Desktop\oop new\15-16 part 2\project\project.cpp(49,17): warning C4244: =: преобразование "double" в "T", возможна потеря данных
          with
          [
              T=int
          ]
C:\Users\Андрей\Desktop\oop new\15-16 part 2\project\project.cpp(50,21): warning C4244: =: преобразование "double" в "T", возможна потеря данных
          with
          [
              T=int
          ]
  project.vcxproj -> C:\Users\Андрей\Desktop\oop new\15-16 part 2\project\Debug\project.exe
